17:01:04 INFO  : Launching XSCT server: xsct -n  -interactive /home/hector/Documents/demo/FGPU/vivado/xilinx_contest/FGPU_configurable_SIMT/vitis_proj/temp_xsdb_launch_script.tcl
17:01:04 INFO  : Registering command handlers for Vitis TCF services
17:01:07 INFO  : XSCT server has started successfully.
17:01:07 INFO  : Platform repository initialization has completed.
17:01:07 INFO  : Successfully done setting XSCT server connection channel  
17:01:07 INFO  : plnx-install-location is set to ''
17:01:07 INFO  : Successfully done query RDI_DATADIR 
17:01:07 INFO  : Successfully done setting workspace for the tool. 
17:01:46 INFO  : Result from executing command 'getProjects': zedboard_custom
17:01:46 INFO  : Result from executing command 'getPlatforms': 
17:03:31 INFO  : Result from executing command 'getProjects': zedboard_custom
17:03:31 INFO  : Result from executing command 'getPlatforms': zedboard_custom|/home/hector/Documents/demo/FGPU/vivado/xilinx_contest/FGPU_configurable_SIMT/vitis_proj/zedboard_custom/export/zedboard_custom/zedboard_custom.xpfm
17:03:34 INFO  : Checking for BSP changes to sync application flags for project 'cnn'...
17:04:02 INFO  : Connected to target on host '127.0.0.1' and port '3121'.
17:04:03 INFO  : Jtag cable 'Digilent Zed 210248783527' is selected.
17:04:03 INFO  : 'jtag frequency' command is executed.
17:04:03 INFO  : Context for 'APU' is selected.
17:04:03 INFO  : System reset is completed.
17:04:06 INFO  : 'after 3000' command is executed.
17:04:06 INFO  : 'targets -set -filter {jtag_cable_name =~ "Digilent Zed 210248783527" && level==0 && jtag_device_ctx=="jsn-Zed-210248783527-23727093-0"}' command is executed.
17:04:08 INFO  : Device configured successfully with "/home/hector/Documents/demo/FGPU/vivado/xilinx_contest/FGPU_configurable_SIMT/vitis_proj/cnn/_ide/bitstream/FGPU_bd_wrapper.bit"
17:04:08 INFO  : Context for 'APU' is selected.
17:04:08 INFO  : Hardware design and registers information is loaded from '/home/hector/Documents/demo/FGPU/vivado/xilinx_contest/FGPU_configurable_SIMT/vitis_proj/zedboard_custom/export/zedboard_custom/hw/FGPU_bd_wrapper.xsa'.
17:04:08 INFO  : 'configparams force-mem-access 1' command is executed.
17:04:08 INFO  : Context for 'APU' is selected.
17:04:08 INFO  : Sourcing of '/home/hector/Documents/demo/FGPU/vivado/xilinx_contest/FGPU_configurable_SIMT/vitis_proj/cnn/_ide/psinit/ps7_init.tcl' is done.
17:04:09 INFO  : 'ps7_init' command is executed.
17:04:09 INFO  : 'ps7_post_config' command is executed.
17:04:09 INFO  : Context for processor 'ps7_cortexa9_0' is selected.
17:04:13 INFO  : The application '/home/hector/Documents/demo/FGPU/vivado/xilinx_contest/FGPU_configurable_SIMT/vitis_proj/cnn/Debug/cnn.elf' is downloaded to processor 'ps7_cortexa9_0'.
17:04:13 INFO  : 'configparams force-mem-access 0' command is executed.
17:04:13 INFO  : ----------------XSDB Script----------------
connect -url tcp:127.0.0.1:3121
targets -set -nocase -filter {name =~"APU*"}
rst -system
after 3000
targets -set -filter {jtag_cable_name =~ "Digilent Zed 210248783527" && level==0 && jtag_device_ctx=="jsn-Zed-210248783527-23727093-0"}
fpga -file /home/hector/Documents/demo/FGPU/vivado/xilinx_contest/FGPU_configurable_SIMT/vitis_proj/cnn/_ide/bitstream/FGPU_bd_wrapper.bit
targets -set -nocase -filter {name =~"APU*"}
loadhw -hw /home/hector/Documents/demo/FGPU/vivado/xilinx_contest/FGPU_configurable_SIMT/vitis_proj/zedboard_custom/export/zedboard_custom/hw/FGPU_bd_wrapper.xsa -mem-ranges [list {0x40000000 0xbfffffff}] -regs
configparams force-mem-access 1
targets -set -nocase -filter {name =~"APU*"}
source /home/hector/Documents/demo/FGPU/vivado/xilinx_contest/FGPU_configurable_SIMT/vitis_proj/cnn/_ide/psinit/ps7_init.tcl
ps7_init
ps7_post_config
targets -set -nocase -filter {name =~ "*A9*#0"}
dow /home/hector/Documents/demo/FGPU/vivado/xilinx_contest/FGPU_configurable_SIMT/vitis_proj/cnn/Debug/cnn.elf
configparams force-mem-access 0
----------------End of Script----------------

17:04:13 INFO  : Context for processor 'ps7_cortexa9_0' is selected.
17:04:13 INFO  : 'con' command is executed.
17:04:13 INFO  : ----------------XSDB Script (After Launch)----------------
targets -set -nocase -filter {name =~ "*A9*#0"}
con
----------------End of Script----------------

17:04:13 INFO  : Launch script is exported to file '/home/hector/Documents/demo/FGPU/vivado/xilinx_contest/FGPU_configurable_SIMT/vitis_proj/cnn_system/_ide/scripts/debugger_cnn-default.tcl'
17:04:53 INFO  : Disconnected from the channel tcfchan#3.
17:04:54 INFO  : Connected to target on host '127.0.0.1' and port '3121'.
17:04:54 INFO  : Jtag cable 'Digilent Zed 210248783527' is selected.
17:04:54 INFO  : 'jtag frequency' command is executed.
17:04:54 INFO  : Context for 'APU' is selected.
17:04:54 INFO  : System reset is completed.
17:04:57 INFO  : 'after 3000' command is executed.
17:04:57 INFO  : 'targets -set -filter {jtag_cable_name =~ "Digilent Zed 210248783527" && level==0 && jtag_device_ctx=="jsn-Zed-210248783527-23727093-0"}' command is executed.
17:05:00 INFO  : Device configured successfully with "/home/hector/Documents/demo/FGPU/vivado/xilinx_contest/FGPU_configurable_SIMT/vitis_proj/cnn/_ide/bitstream/FGPU_bd_wrapper.bit"
17:05:00 INFO  : Context for 'APU' is selected.
17:05:00 INFO  : Hardware design and registers information is loaded from '/home/hector/Documents/demo/FGPU/vivado/xilinx_contest/FGPU_configurable_SIMT/vitis_proj/zedboard_custom/export/zedboard_custom/hw/FGPU_bd_wrapper.xsa'.
17:05:00 INFO  : 'configparams force-mem-access 1' command is executed.
17:05:00 INFO  : Context for 'APU' is selected.
17:05:00 INFO  : Sourcing of '/home/hector/Documents/demo/FGPU/vivado/xilinx_contest/FGPU_configurable_SIMT/vitis_proj/cnn/_ide/psinit/ps7_init.tcl' is done.
17:05:00 INFO  : 'ps7_init' command is executed.
17:05:00 INFO  : 'ps7_post_config' command is executed.
17:05:00 INFO  : Context for processor 'ps7_cortexa9_0' is selected.
17:05:05 INFO  : The application '/home/hector/Documents/demo/FGPU/vivado/xilinx_contest/FGPU_configurable_SIMT/vitis_proj/cnn/Debug/cnn.elf' is downloaded to processor 'ps7_cortexa9_0'.
17:05:05 INFO  : 'configparams force-mem-access 0' command is executed.
17:05:05 INFO  : ----------------XSDB Script----------------
connect -url tcp:127.0.0.1:3121
targets -set -nocase -filter {name =~"APU*"}
rst -system
after 3000
targets -set -filter {jtag_cable_name =~ "Digilent Zed 210248783527" && level==0 && jtag_device_ctx=="jsn-Zed-210248783527-23727093-0"}
fpga -file /home/hector/Documents/demo/FGPU/vivado/xilinx_contest/FGPU_configurable_SIMT/vitis_proj/cnn/_ide/bitstream/FGPU_bd_wrapper.bit
targets -set -nocase -filter {name =~"APU*"}
loadhw -hw /home/hector/Documents/demo/FGPU/vivado/xilinx_contest/FGPU_configurable_SIMT/vitis_proj/zedboard_custom/export/zedboard_custom/hw/FGPU_bd_wrapper.xsa -mem-ranges [list {0x40000000 0xbfffffff}] -regs
configparams force-mem-access 1
targets -set -nocase -filter {name =~"APU*"}
source /home/hector/Documents/demo/FGPU/vivado/xilinx_contest/FGPU_configurable_SIMT/vitis_proj/cnn/_ide/psinit/ps7_init.tcl
ps7_init
ps7_post_config
targets -set -nocase -filter {name =~ "*A9*#0"}
dow /home/hector/Documents/demo/FGPU/vivado/xilinx_contest/FGPU_configurable_SIMT/vitis_proj/cnn/Debug/cnn.elf
configparams force-mem-access 0
----------------End of Script----------------

17:05:05 INFO  : Context for processor 'ps7_cortexa9_0' is selected.
17:05:05 INFO  : 'con' command is executed.
17:05:05 INFO  : ----------------XSDB Script (After Launch)----------------
targets -set -nocase -filter {name =~ "*A9*#0"}
con
----------------End of Script----------------

17:05:05 INFO  : Launch script is exported to file '/home/hector/Documents/demo/FGPU/vivado/xilinx_contest/FGPU_configurable_SIMT/vitis_proj/cnn_system/_ide/scripts/debugger_cnn-default.tcl'
17:05:20 INFO  : Checking for BSP changes to sync application flags for project 'cnn'...
17:05:41 INFO  : Disconnected from the channel tcfchan#4.
17:05:42 INFO  : Connected to target on host '127.0.0.1' and port '3121'.
17:05:42 INFO  : Jtag cable 'Digilent Zed 210248783527' is selected.
17:05:42 INFO  : 'jtag frequency' command is executed.
17:05:42 INFO  : Context for 'APU' is selected.
17:05:42 INFO  : System reset is completed.
17:05:45 INFO  : 'after 3000' command is executed.
17:05:45 INFO  : 'targets -set -filter {jtag_cable_name =~ "Digilent Zed 210248783527" && level==0 && jtag_device_ctx=="jsn-Zed-210248783527-23727093-0"}' command is executed.
17:05:48 INFO  : Device configured successfully with "/home/hector/Documents/demo/FGPU/vivado/xilinx_contest/FGPU_configurable_SIMT/vitis_proj/cnn/_ide/bitstream/FGPU_bd_wrapper.bit"
17:05:48 INFO  : Context for 'APU' is selected.
17:05:48 INFO  : Hardware design and registers information is loaded from '/home/hector/Documents/demo/FGPU/vivado/xilinx_contest/FGPU_configurable_SIMT/vitis_proj/zedboard_custom/export/zedboard_custom/hw/FGPU_bd_wrapper.xsa'.
17:05:48 INFO  : 'configparams force-mem-access 1' command is executed.
17:05:48 INFO  : Context for 'APU' is selected.
17:05:48 INFO  : Sourcing of '/home/hector/Documents/demo/FGPU/vivado/xilinx_contest/FGPU_configurable_SIMT/vitis_proj/cnn/_ide/psinit/ps7_init.tcl' is done.
17:05:48 INFO  : 'ps7_init' command is executed.
17:05:48 INFO  : 'ps7_post_config' command is executed.
17:05:48 INFO  : Context for processor 'ps7_cortexa9_0' is selected.
17:05:53 INFO  : The application '/home/hector/Documents/demo/FGPU/vivado/xilinx_contest/FGPU_configurable_SIMT/vitis_proj/cnn/Debug/cnn.elf' is downloaded to processor 'ps7_cortexa9_0'.
17:05:53 INFO  : 'configparams force-mem-access 0' command is executed.
17:05:53 INFO  : ----------------XSDB Script----------------
connect -url tcp:127.0.0.1:3121
targets -set -nocase -filter {name =~"APU*"}
rst -system
after 3000
targets -set -filter {jtag_cable_name =~ "Digilent Zed 210248783527" && level==0 && jtag_device_ctx=="jsn-Zed-210248783527-23727093-0"}
fpga -file /home/hector/Documents/demo/FGPU/vivado/xilinx_contest/FGPU_configurable_SIMT/vitis_proj/cnn/_ide/bitstream/FGPU_bd_wrapper.bit
targets -set -nocase -filter {name =~"APU*"}
loadhw -hw /home/hector/Documents/demo/FGPU/vivado/xilinx_contest/FGPU_configurable_SIMT/vitis_proj/zedboard_custom/export/zedboard_custom/hw/FGPU_bd_wrapper.xsa -mem-ranges [list {0x40000000 0xbfffffff}] -regs
configparams force-mem-access 1
targets -set -nocase -filter {name =~"APU*"}
source /home/hector/Documents/demo/FGPU/vivado/xilinx_contest/FGPU_configurable_SIMT/vitis_proj/cnn/_ide/psinit/ps7_init.tcl
ps7_init
ps7_post_config
targets -set -nocase -filter {name =~ "*A9*#0"}
dow /home/hector/Documents/demo/FGPU/vivado/xilinx_contest/FGPU_configurable_SIMT/vitis_proj/cnn/Debug/cnn.elf
configparams force-mem-access 0
----------------End of Script----------------

17:05:53 INFO  : Context for processor 'ps7_cortexa9_0' is selected.
17:05:53 INFO  : 'con' command is executed.
17:05:53 INFO  : ----------------XSDB Script (After Launch)----------------
targets -set -nocase -filter {name =~ "*A9*#0"}
con
----------------End of Script----------------

17:05:53 INFO  : Launch script is exported to file '/home/hector/Documents/demo/FGPU/vivado/xilinx_contest/FGPU_configurable_SIMT/vitis_proj/cnn_system/_ide/scripts/debugger_cnn-default.tcl'
17:09:02 INFO  : Disconnected from the channel tcfchan#6.
17:04:50 INFO  : Launching XSCT server: xsct -n  -interactive /home/hector/Documents/demo/FGPU/vivado/xilinx_contest/FGPU_configurable_SIMT/vitis_proj/temp_xsdb_launch_script.tcl
17:04:54 INFO  : XSCT server has started successfully.
17:04:54 INFO  : plnx-install-location is set to ''
17:04:54 INFO  : Successfully done setting XSCT server connection channel  
17:04:54 INFO  : Successfully done setting workspace for the tool. 
17:04:57 INFO  : Platform repository initialization has completed.
17:04:58 INFO  : Successfully done query RDI_DATADIR 
17:04:58 INFO  : Registering command handlers for Vitis TCF services
17:05:56 INFO  : Connected to target on host '127.0.0.1' and port '3121'.
17:05:57 INFO  : Jtag cable 'Digilent Zed 210248783527' is selected.
17:05:57 INFO  : 'jtag frequency' command is executed.
17:05:57 INFO  : Context for 'APU' is selected.
17:05:57 INFO  : System reset is completed.
17:06:00 INFO  : 'after 3000' command is executed.
17:06:00 INFO  : 'targets -set -filter {jtag_cable_name =~ "Digilent Zed 210248783527" && level==0 && jtag_device_ctx=="jsn-Zed-210248783527-23727093-0"}' command is executed.
17:06:02 INFO  : Device configured successfully with "/home/hector/Documents/demo/FGPU/vivado/xilinx_contest/FGPU_configurable_SIMT/vitis_proj/cnn/_ide/bitstream/FGPU_bd_wrapper.bit"
17:06:02 INFO  : Context for 'APU' is selected.
17:06:03 INFO  : Hardware design and registers information is loaded from '/home/hector/Documents/demo/FGPU/vivado/xilinx_contest/FGPU_configurable_SIMT/vitis_proj/zedboard_custom/export/zedboard_custom/hw/FGPU_bd_wrapper.xsa'.
17:06:03 INFO  : 'configparams force-mem-access 1' command is executed.
17:06:03 INFO  : Context for 'APU' is selected.
17:06:03 INFO  : Sourcing of '/home/hector/Documents/demo/FGPU/vivado/xilinx_contest/FGPU_configurable_SIMT/vitis_proj/cnn/_ide/psinit/ps7_init.tcl' is done.
17:06:03 INFO  : 'ps7_init' command is executed.
17:06:03 INFO  : 'ps7_post_config' command is executed.
17:06:03 INFO  : Context for processor 'ps7_cortexa9_0' is selected.
17:06:08 INFO  : The application '/home/hector/Documents/demo/FGPU/vivado/xilinx_contest/FGPU_configurable_SIMT/vitis_proj/cnn/Debug/cnn.elf' is downloaded to processor 'ps7_cortexa9_0'.
17:06:08 INFO  : 'configparams force-mem-access 0' command is executed.
17:06:08 INFO  : ----------------XSDB Script----------------
connect -url tcp:127.0.0.1:3121
targets -set -nocase -filter {name =~"APU*"}
rst -system
after 3000
targets -set -filter {jtag_cable_name =~ "Digilent Zed 210248783527" && level==0 && jtag_device_ctx=="jsn-Zed-210248783527-23727093-0"}
fpga -file /home/hector/Documents/demo/FGPU/vivado/xilinx_contest/FGPU_configurable_SIMT/vitis_proj/cnn/_ide/bitstream/FGPU_bd_wrapper.bit
targets -set -nocase -filter {name =~"APU*"}
loadhw -hw /home/hector/Documents/demo/FGPU/vivado/xilinx_contest/FGPU_configurable_SIMT/vitis_proj/zedboard_custom/export/zedboard_custom/hw/FGPU_bd_wrapper.xsa -mem-ranges [list {0x40000000 0xbfffffff}] -regs
configparams force-mem-access 1
targets -set -nocase -filter {name =~"APU*"}
source /home/hector/Documents/demo/FGPU/vivado/xilinx_contest/FGPU_configurable_SIMT/vitis_proj/cnn/_ide/psinit/ps7_init.tcl
ps7_init
ps7_post_config
targets -set -nocase -filter {name =~ "*A9*#0"}
dow /home/hector/Documents/demo/FGPU/vivado/xilinx_contest/FGPU_configurable_SIMT/vitis_proj/cnn/Debug/cnn.elf
configparams force-mem-access 0
----------------End of Script----------------

17:06:08 INFO  : Context for processor 'ps7_cortexa9_0' is selected.
17:06:08 INFO  : 'con' command is executed.
17:06:08 INFO  : ----------------XSDB Script (After Launch)----------------
targets -set -nocase -filter {name =~ "*A9*#0"}
con
----------------End of Script----------------

17:06:08 INFO  : Launch script is exported to file '/home/hector/Documents/demo/FGPU/vivado/xilinx_contest/FGPU_configurable_SIMT/vitis_proj/cnn_system/_ide/scripts/debugger_cnn-default.tcl'
17:14:56 INFO  : Disconnected from the channel tcfchan#1.
17:14:57 INFO  : Connected to target on host '127.0.0.1' and port '3121'.
17:14:57 INFO  : Jtag cable 'Digilent Zed 210248783527' is selected.
17:14:57 INFO  : 'jtag frequency' command is executed.
17:14:57 INFO  : Context for 'APU' is selected.
17:14:57 INFO  : System reset is completed.
17:15:00 INFO  : 'after 3000' command is executed.
17:15:01 INFO  : 'targets -set -filter {jtag_cable_name =~ "Digilent Zed 210248783527" && level==0 && jtag_device_ctx=="jsn-Zed-210248783527-23727093-0"}' command is executed.
17:15:03 INFO  : Device configured successfully with "/home/hector/Documents/demo/FGPU/vivado/xilinx_contest/FGPU_configurable_SIMT/vitis_proj/cnn/_ide/bitstream/FGPU_bd_wrapper.bit"
17:15:03 INFO  : Context for 'APU' is selected.
17:15:03 INFO  : Hardware design and registers information is loaded from '/home/hector/Documents/demo/FGPU/vivado/xilinx_contest/FGPU_configurable_SIMT/vitis_proj/zedboard_custom/export/zedboard_custom/hw/FGPU_bd_wrapper.xsa'.
17:15:03 INFO  : 'configparams force-mem-access 1' command is executed.
17:15:03 INFO  : Context for 'APU' is selected.
17:15:03 INFO  : Sourcing of '/home/hector/Documents/demo/FGPU/vivado/xilinx_contest/FGPU_configurable_SIMT/vitis_proj/cnn/_ide/psinit/ps7_init.tcl' is done.
17:15:03 INFO  : 'ps7_init' command is executed.
17:15:03 INFO  : 'ps7_post_config' command is executed.
17:15:03 INFO  : Context for processor 'ps7_cortexa9_0' is selected.
17:15:08 INFO  : The application '/home/hector/Documents/demo/FGPU/vivado/xilinx_contest/FGPU_configurable_SIMT/vitis_proj/cnn/Debug/cnn.elf' is downloaded to processor 'ps7_cortexa9_0'.
17:15:08 INFO  : 'configparams force-mem-access 0' command is executed.
17:15:08 INFO  : ----------------XSDB Script----------------
connect -url tcp:127.0.0.1:3121
targets -set -nocase -filter {name =~"APU*"}
rst -system
after 3000
targets -set -filter {jtag_cable_name =~ "Digilent Zed 210248783527" && level==0 && jtag_device_ctx=="jsn-Zed-210248783527-23727093-0"}
fpga -file /home/hector/Documents/demo/FGPU/vivado/xilinx_contest/FGPU_configurable_SIMT/vitis_proj/cnn/_ide/bitstream/FGPU_bd_wrapper.bit
targets -set -nocase -filter {name =~"APU*"}
loadhw -hw /home/hector/Documents/demo/FGPU/vivado/xilinx_contest/FGPU_configurable_SIMT/vitis_proj/zedboard_custom/export/zedboard_custom/hw/FGPU_bd_wrapper.xsa -mem-ranges [list {0x40000000 0xbfffffff}] -regs
configparams force-mem-access 1
targets -set -nocase -filter {name =~"APU*"}
source /home/hector/Documents/demo/FGPU/vivado/xilinx_contest/FGPU_configurable_SIMT/vitis_proj/cnn/_ide/psinit/ps7_init.tcl
ps7_init
ps7_post_config
targets -set -nocase -filter {name =~ "*A9*#0"}
dow /home/hector/Documents/demo/FGPU/vivado/xilinx_contest/FGPU_configurable_SIMT/vitis_proj/cnn/Debug/cnn.elf
configparams force-mem-access 0
----------------End of Script----------------

17:15:08 INFO  : Context for processor 'ps7_cortexa9_0' is selected.
17:15:08 INFO  : 'con' command is executed.
17:15:08 INFO  : ----------------XSDB Script (After Launch)----------------
targets -set -nocase -filter {name =~ "*A9*#0"}
con
----------------End of Script----------------

17:15:08 INFO  : Launch script is exported to file '/home/hector/Documents/demo/FGPU/vivado/xilinx_contest/FGPU_configurable_SIMT/vitis_proj/cnn_system/_ide/scripts/debugger_cnn-default.tcl'
17:15:36 INFO  : Result from executing command 'getProjects': zedboard_custom
17:15:36 INFO  : Result from executing command 'getPlatforms': zedboard_custom|/home/hector/Documents/demo/FGPU/vivado/xilinx_contest/FGPU_configurable_SIMT/vitis_proj/zedboard_custom/export/zedboard_custom/zedboard_custom.xpfm
17:15:39 INFO  : Checking for BSP changes to sync application flags for project 'cnn'...
17:16:00 INFO  : Disconnected from the channel tcfchan#2.
17:16:01 INFO  : Connected to target on host '127.0.0.1' and port '3121'.
17:16:10 INFO  : ----------------XSDB Script----------------
connect -url tcp:127.0.0.1:3121
----------------End of Script----------------

17:16:10 ERROR : Could not find ARM device on the board for connection 'Local'.
Check if the target is in:
1. Split JTAG - No operations are possible with ARM DAP.
2. Non JTAG bootmode - Bootrom may need time to enable DAP.
Please try again.


Troubleshooting hints:
1. Check whether board is connected to system properly.
2. In case of zynq board, check whether Digilent/Xilinx cable switch settings are correct.
3. If you are using Xilinx Platform Cable USB, ensure that status LED is green.
17:16:19 INFO  : Connected to target on host '127.0.0.1' and port '3121'.
17:16:19 INFO  : Jtag cable 'Digilent Zed 210248783527' is selected.
17:16:19 INFO  : 'jtag frequency' command is executed.
17:16:19 INFO  : Context for 'APU' is selected.
17:16:19 INFO  : System reset is completed.
17:16:22 INFO  : 'after 3000' command is executed.
17:16:22 INFO  : 'targets -set -filter {jtag_cable_name =~ "Digilent Zed 210248783527" && level==0 && jtag_device_ctx=="jsn-Zed-210248783527-23727093-0"}' command is executed.
17:16:25 INFO  : Device configured successfully with "/home/hector/Documents/demo/FGPU/vivado/xilinx_contest/FGPU_configurable_SIMT/vitis_proj/cnn/_ide/bitstream/FGPU_bd_wrapper.bit"
17:16:25 INFO  : Context for 'APU' is selected.
17:16:25 INFO  : Hardware design and registers information is loaded from '/home/hector/Documents/demo/FGPU/vivado/xilinx_contest/FGPU_configurable_SIMT/vitis_proj/zedboard_custom/export/zedboard_custom/hw/FGPU_bd_wrapper.xsa'.
17:16:25 INFO  : 'configparams force-mem-access 1' command is executed.
17:16:25 INFO  : Context for 'APU' is selected.
17:16:25 INFO  : Sourcing of '/home/hector/Documents/demo/FGPU/vivado/xilinx_contest/FGPU_configurable_SIMT/vitis_proj/cnn/_ide/psinit/ps7_init.tcl' is done.
17:16:25 INFO  : 'ps7_init' command is executed.
17:16:25 INFO  : 'ps7_post_config' command is executed.
17:16:25 INFO  : Context for processor 'ps7_cortexa9_0' is selected.
17:16:30 INFO  : The application '/home/hector/Documents/demo/FGPU/vivado/xilinx_contest/FGPU_configurable_SIMT/vitis_proj/cnn/Debug/cnn.elf' is downloaded to processor 'ps7_cortexa9_0'.
17:16:30 INFO  : 'configparams force-mem-access 0' command is executed.
17:16:30 INFO  : ----------------XSDB Script----------------
connect -url tcp:127.0.0.1:3121
targets -set -nocase -filter {name =~"APU*"}
rst -system
after 3000
targets -set -filter {jtag_cable_name =~ "Digilent Zed 210248783527" && level==0 && jtag_device_ctx=="jsn-Zed-210248783527-23727093-0"}
fpga -file /home/hector/Documents/demo/FGPU/vivado/xilinx_contest/FGPU_configurable_SIMT/vitis_proj/cnn/_ide/bitstream/FGPU_bd_wrapper.bit
targets -set -nocase -filter {name =~"APU*"}
loadhw -hw /home/hector/Documents/demo/FGPU/vivado/xilinx_contest/FGPU_configurable_SIMT/vitis_proj/zedboard_custom/export/zedboard_custom/hw/FGPU_bd_wrapper.xsa -mem-ranges [list {0x40000000 0xbfffffff}] -regs
configparams force-mem-access 1
targets -set -nocase -filter {name =~"APU*"}
source /home/hector/Documents/demo/FGPU/vivado/xilinx_contest/FGPU_configurable_SIMT/vitis_proj/cnn/_ide/psinit/ps7_init.tcl
ps7_init
ps7_post_config
targets -set -nocase -filter {name =~ "*A9*#0"}
dow /home/hector/Documents/demo/FGPU/vivado/xilinx_contest/FGPU_configurable_SIMT/vitis_proj/cnn/Debug/cnn.elf
configparams force-mem-access 0
----------------End of Script----------------

17:16:30 INFO  : Context for processor 'ps7_cortexa9_0' is selected.
17:16:30 INFO  : 'con' command is executed.
17:16:30 INFO  : ----------------XSDB Script (After Launch)----------------
targets -set -nocase -filter {name =~ "*A9*#0"}
con
----------------End of Script----------------

17:16:30 INFO  : Launch script is exported to file '/home/hector/Documents/demo/FGPU/vivado/xilinx_contest/FGPU_configurable_SIMT/vitis_proj/cnn_system/_ide/scripts/debugger_cnn-default.tcl'
18:36:00 INFO  : Disconnected from the channel tcfchan#5.
18:36:01 INFO  : Connected to target on host '127.0.0.1' and port '3121'.
18:36:02 INFO  : Jtag cable 'Digilent Zed 210248783527' is selected.
18:36:02 INFO  : 'jtag frequency' command is executed.
18:36:02 INFO  : Context for 'APU' is selected.
18:36:02 INFO  : System reset is completed.
18:36:05 INFO  : 'after 3000' command is executed.
18:36:05 INFO  : 'targets -set -filter {jtag_cable_name =~ "Digilent Zed 210248783527" && level==0 && jtag_device_ctx=="jsn-Zed-210248783527-23727093-0"}' command is executed.
18:36:07 INFO  : Device configured successfully with "/home/hector/Documents/demo/FGPU/vivado/xilinx_contest/FGPU_configurable_SIMT/vitis_proj/cnn/_ide/bitstream/FGPU_bd_wrapper.bit"
18:36:07 INFO  : Context for 'APU' is selected.
18:36:07 INFO  : Hardware design and registers information is loaded from '/home/hector/Documents/demo/FGPU/vivado/xilinx_contest/FGPU_configurable_SIMT/vitis_proj/zedboard_custom/export/zedboard_custom/hw/FGPU_bd_wrapper.xsa'.
18:36:07 INFO  : 'configparams force-mem-access 1' command is executed.
18:36:07 INFO  : Context for 'APU' is selected.
18:36:07 INFO  : Sourcing of '/home/hector/Documents/demo/FGPU/vivado/xilinx_contest/FGPU_configurable_SIMT/vitis_proj/cnn/_ide/psinit/ps7_init.tcl' is done.
18:36:07 INFO  : 'ps7_init' command is executed.
18:36:07 INFO  : 'ps7_post_config' command is executed.
18:36:07 INFO  : Context for processor 'ps7_cortexa9_0' is selected.
18:36:12 INFO  : The application '/home/hector/Documents/demo/FGPU/vivado/xilinx_contest/FGPU_configurable_SIMT/vitis_proj/cnn/Debug/cnn.elf' is downloaded to processor 'ps7_cortexa9_0'.
18:36:12 INFO  : 'configparams force-mem-access 0' command is executed.
18:36:12 INFO  : ----------------XSDB Script----------------
connect -url tcp:127.0.0.1:3121
targets -set -nocase -filter {name =~"APU*"}
rst -system
after 3000
targets -set -filter {jtag_cable_name =~ "Digilent Zed 210248783527" && level==0 && jtag_device_ctx=="jsn-Zed-210248783527-23727093-0"}
fpga -file /home/hector/Documents/demo/FGPU/vivado/xilinx_contest/FGPU_configurable_SIMT/vitis_proj/cnn/_ide/bitstream/FGPU_bd_wrapper.bit
targets -set -nocase -filter {name =~"APU*"}
loadhw -hw /home/hector/Documents/demo/FGPU/vivado/xilinx_contest/FGPU_configurable_SIMT/vitis_proj/zedboard_custom/export/zedboard_custom/hw/FGPU_bd_wrapper.xsa -mem-ranges [list {0x40000000 0xbfffffff}] -regs
configparams force-mem-access 1
targets -set -nocase -filter {name =~"APU*"}
source /home/hector/Documents/demo/FGPU/vivado/xilinx_contest/FGPU_configurable_SIMT/vitis_proj/cnn/_ide/psinit/ps7_init.tcl
ps7_init
ps7_post_config
targets -set -nocase -filter {name =~ "*A9*#0"}
dow /home/hector/Documents/demo/FGPU/vivado/xilinx_contest/FGPU_configurable_SIMT/vitis_proj/cnn/Debug/cnn.elf
configparams force-mem-access 0
----------------End of Script----------------

18:36:12 INFO  : Context for processor 'ps7_cortexa9_0' is selected.
18:36:12 INFO  : 'con' command is executed.
18:36:12 INFO  : ----------------XSDB Script (After Launch)----------------
targets -set -nocase -filter {name =~ "*A9*#0"}
con
----------------End of Script----------------

18:36:12 INFO  : Launch script is exported to file '/home/hector/Documents/demo/FGPU/vivado/xilinx_contest/FGPU_configurable_SIMT/vitis_proj/cnn_system/_ide/scripts/debugger_cnn-default.tcl'
18:36:34 INFO  : Checking for BSP changes to sync application flags for project 'cnn'...
18:37:05 INFO  : Disconnected from the channel tcfchan#6.
18:37:06 INFO  : Connected to target on host '127.0.0.1' and port '3121'.
18:37:06 INFO  : Jtag cable 'Digilent Zed 210248783527' is selected.
18:37:06 INFO  : 'jtag frequency' command is executed.
18:37:06 INFO  : Context for 'APU' is selected.
18:37:06 INFO  : System reset is completed.
18:37:09 INFO  : 'after 3000' command is executed.
18:37:10 INFO  : 'targets -set -filter {jtag_cable_name =~ "Digilent Zed 210248783527" && level==0 && jtag_device_ctx=="jsn-Zed-210248783527-23727093-0"}' command is executed.
18:37:12 INFO  : Device configured successfully with "/home/hector/Documents/demo/FGPU/vivado/xilinx_contest/FGPU_configurable_SIMT/vitis_proj/cnn/_ide/bitstream/FGPU_bd_wrapper.bit"
18:37:12 INFO  : Context for 'APU' is selected.
18:37:12 INFO  : Hardware design and registers information is loaded from '/home/hector/Documents/demo/FGPU/vivado/xilinx_contest/FGPU_configurable_SIMT/vitis_proj/zedboard_custom/export/zedboard_custom/hw/FGPU_bd_wrapper.xsa'.
18:37:12 INFO  : 'configparams force-mem-access 1' command is executed.
18:37:12 INFO  : Context for 'APU' is selected.
18:37:12 INFO  : Sourcing of '/home/hector/Documents/demo/FGPU/vivado/xilinx_contest/FGPU_configurable_SIMT/vitis_proj/cnn/_ide/psinit/ps7_init.tcl' is done.
18:37:12 INFO  : 'ps7_init' command is executed.
18:37:12 INFO  : 'ps7_post_config' command is executed.
18:37:12 INFO  : Context for processor 'ps7_cortexa9_0' is selected.
18:37:17 INFO  : The application '/home/hector/Documents/demo/FGPU/vivado/xilinx_contest/FGPU_configurable_SIMT/vitis_proj/cnn/Debug/cnn.elf' is downloaded to processor 'ps7_cortexa9_0'.
18:37:17 INFO  : 'configparams force-mem-access 0' command is executed.
18:37:17 INFO  : ----------------XSDB Script----------------
connect -url tcp:127.0.0.1:3121
targets -set -nocase -filter {name =~"APU*"}
rst -system
after 3000
targets -set -filter {jtag_cable_name =~ "Digilent Zed 210248783527" && level==0 && jtag_device_ctx=="jsn-Zed-210248783527-23727093-0"}
fpga -file /home/hector/Documents/demo/FGPU/vivado/xilinx_contest/FGPU_configurable_SIMT/vitis_proj/cnn/_ide/bitstream/FGPU_bd_wrapper.bit
targets -set -nocase -filter {name =~"APU*"}
loadhw -hw /home/hector/Documents/demo/FGPU/vivado/xilinx_contest/FGPU_configurable_SIMT/vitis_proj/zedboard_custom/export/zedboard_custom/hw/FGPU_bd_wrapper.xsa -mem-ranges [list {0x40000000 0xbfffffff}] -regs
configparams force-mem-access 1
targets -set -nocase -filter {name =~"APU*"}
source /home/hector/Documents/demo/FGPU/vivado/xilinx_contest/FGPU_configurable_SIMT/vitis_proj/cnn/_ide/psinit/ps7_init.tcl
ps7_init
ps7_post_config
targets -set -nocase -filter {name =~ "*A9*#0"}
dow /home/hector/Documents/demo/FGPU/vivado/xilinx_contest/FGPU_configurable_SIMT/vitis_proj/cnn/Debug/cnn.elf
configparams force-mem-access 0
----------------End of Script----------------

18:37:17 INFO  : Context for processor 'ps7_cortexa9_0' is selected.
18:37:17 INFO  : 'con' command is executed.
18:37:17 INFO  : ----------------XSDB Script (After Launch)----------------
targets -set -nocase -filter {name =~ "*A9*#0"}
con
----------------End of Script----------------

18:37:17 INFO  : Launch script is exported to file '/home/hector/Documents/demo/FGPU/vivado/xilinx_contest/FGPU_configurable_SIMT/vitis_proj/cnn_system/_ide/scripts/debugger_cnn-default.tcl'
18:40:36 INFO  : Disconnected from the channel tcfchan#8.
18:40:37 INFO  : Connected to target on host '127.0.0.1' and port '3121'.
18:40:37 INFO  : Jtag cable 'Digilent Zed 210248783527' is selected.
18:40:37 INFO  : 'jtag frequency' command is executed.
18:40:37 INFO  : Context for 'APU' is selected.
18:40:37 INFO  : System reset is completed.
18:40:40 INFO  : 'after 3000' command is executed.
18:40:40 INFO  : 'targets -set -filter {jtag_cable_name =~ "Digilent Zed 210248783527" && level==0 && jtag_device_ctx=="jsn-Zed-210248783527-23727093-0"}' command is executed.
18:40:43 INFO  : Device configured successfully with "/home/hector/Documents/demo/FGPU/vivado/xilinx_contest/FGPU_configurable_SIMT/vitis_proj/cnn/_ide/bitstream/FGPU_bd_wrapper.bit"
18:40:43 INFO  : Context for 'APU' is selected.
18:40:43 INFO  : Hardware design and registers information is loaded from '/home/hector/Documents/demo/FGPU/vivado/xilinx_contest/FGPU_configurable_SIMT/vitis_proj/zedboard_custom/export/zedboard_custom/hw/FGPU_bd_wrapper.xsa'.
18:40:43 INFO  : 'configparams force-mem-access 1' command is executed.
18:40:43 INFO  : Context for 'APU' is selected.
18:40:43 INFO  : Sourcing of '/home/hector/Documents/demo/FGPU/vivado/xilinx_contest/FGPU_configurable_SIMT/vitis_proj/cnn/_ide/psinit/ps7_init.tcl' is done.
18:40:43 INFO  : 'ps7_init' command is executed.
18:40:43 INFO  : 'ps7_post_config' command is executed.
18:40:43 INFO  : Context for processor 'ps7_cortexa9_0' is selected.
18:40:48 INFO  : The application '/home/hector/Documents/demo/FGPU/vivado/xilinx_contest/FGPU_configurable_SIMT/vitis_proj/cnn/Debug/cnn.elf' is downloaded to processor 'ps7_cortexa9_0'.
18:40:48 INFO  : 'configparams force-mem-access 0' command is executed.
18:40:48 INFO  : ----------------XSDB Script----------------
connect -url tcp:127.0.0.1:3121
targets -set -nocase -filter {name =~"APU*"}
rst -system
after 3000
targets -set -filter {jtag_cable_name =~ "Digilent Zed 210248783527" && level==0 && jtag_device_ctx=="jsn-Zed-210248783527-23727093-0"}
fpga -file /home/hector/Documents/demo/FGPU/vivado/xilinx_contest/FGPU_configurable_SIMT/vitis_proj/cnn/_ide/bitstream/FGPU_bd_wrapper.bit
targets -set -nocase -filter {name =~"APU*"}
loadhw -hw /home/hector/Documents/demo/FGPU/vivado/xilinx_contest/FGPU_configurable_SIMT/vitis_proj/zedboard_custom/export/zedboard_custom/hw/FGPU_bd_wrapper.xsa -mem-ranges [list {0x40000000 0xbfffffff}] -regs
configparams force-mem-access 1
targets -set -nocase -filter {name =~"APU*"}
source /home/hector/Documents/demo/FGPU/vivado/xilinx_contest/FGPU_configurable_SIMT/vitis_proj/cnn/_ide/psinit/ps7_init.tcl
ps7_init
ps7_post_config
targets -set -nocase -filter {name =~ "*A9*#0"}
dow /home/hector/Documents/demo/FGPU/vivado/xilinx_contest/FGPU_configurable_SIMT/vitis_proj/cnn/Debug/cnn.elf
configparams force-mem-access 0
----------------End of Script----------------

18:40:48 INFO  : Context for processor 'ps7_cortexa9_0' is selected.
18:40:48 INFO  : 'con' command is executed.
18:40:48 INFO  : ----------------XSDB Script (After Launch)----------------
targets -set -nocase -filter {name =~ "*A9*#0"}
con
----------------End of Script----------------

18:40:48 INFO  : Launch script is exported to file '/home/hector/Documents/demo/FGPU/vivado/xilinx_contest/FGPU_configurable_SIMT/vitis_proj/cnn_system/_ide/scripts/debugger_cnn-default.tcl'
18:41:11 INFO  : Checking for BSP changes to sync application flags for project 'cnn'...
18:41:39 INFO  : Disconnected from the channel tcfchan#9.
18:41:40 INFO  : Connected to target on host '127.0.0.1' and port '3121'.
18:41:40 INFO  : Jtag cable 'Digilent Zed 210248783527' is selected.
18:41:40 INFO  : 'jtag frequency' command is executed.
18:41:41 INFO  : Context for 'APU' is selected.
18:41:41 INFO  : System reset is completed.
18:41:44 INFO  : 'after 3000' command is executed.
18:41:44 INFO  : 'targets -set -filter {jtag_cable_name =~ "Digilent Zed 210248783527" && level==0 && jtag_device_ctx=="jsn-Zed-210248783527-23727093-0"}' command is executed.
18:41:46 INFO  : Device configured successfully with "/home/hector/Documents/demo/FGPU/vivado/xilinx_contest/FGPU_configurable_SIMT/vitis_proj/cnn/_ide/bitstream/FGPU_bd_wrapper.bit"
18:41:46 INFO  : Context for 'APU' is selected.
18:41:46 INFO  : Hardware design and registers information is loaded from '/home/hector/Documents/demo/FGPU/vivado/xilinx_contest/FGPU_configurable_SIMT/vitis_proj/zedboard_custom/export/zedboard_custom/hw/FGPU_bd_wrapper.xsa'.
18:41:46 INFO  : 'configparams force-mem-access 1' command is executed.
18:41:46 INFO  : Context for 'APU' is selected.
18:41:46 INFO  : Sourcing of '/home/hector/Documents/demo/FGPU/vivado/xilinx_contest/FGPU_configurable_SIMT/vitis_proj/cnn/_ide/psinit/ps7_init.tcl' is done.
18:41:46 INFO  : 'ps7_init' command is executed.
18:41:46 INFO  : 'ps7_post_config' command is executed.
18:41:46 INFO  : Context for processor 'ps7_cortexa9_0' is selected.
18:41:51 INFO  : The application '/home/hector/Documents/demo/FGPU/vivado/xilinx_contest/FGPU_configurable_SIMT/vitis_proj/cnn/Debug/cnn.elf' is downloaded to processor 'ps7_cortexa9_0'.
18:41:51 INFO  : 'configparams force-mem-access 0' command is executed.
18:41:51 INFO  : ----------------XSDB Script----------------
connect -url tcp:127.0.0.1:3121
targets -set -nocase -filter {name =~"APU*"}
rst -system
after 3000
targets -set -filter {jtag_cable_name =~ "Digilent Zed 210248783527" && level==0 && jtag_device_ctx=="jsn-Zed-210248783527-23727093-0"}
fpga -file /home/hector/Documents/demo/FGPU/vivado/xilinx_contest/FGPU_configurable_SIMT/vitis_proj/cnn/_ide/bitstream/FGPU_bd_wrapper.bit
targets -set -nocase -filter {name =~"APU*"}
loadhw -hw /home/hector/Documents/demo/FGPU/vivado/xilinx_contest/FGPU_configurable_SIMT/vitis_proj/zedboard_custom/export/zedboard_custom/hw/FGPU_bd_wrapper.xsa -mem-ranges [list {0x40000000 0xbfffffff}] -regs
configparams force-mem-access 1
targets -set -nocase -filter {name =~"APU*"}
source /home/hector/Documents/demo/FGPU/vivado/xilinx_contest/FGPU_configurable_SIMT/vitis_proj/cnn/_ide/psinit/ps7_init.tcl
ps7_init
ps7_post_config
targets -set -nocase -filter {name =~ "*A9*#0"}
dow /home/hector/Documents/demo/FGPU/vivado/xilinx_contest/FGPU_configurable_SIMT/vitis_proj/cnn/Debug/cnn.elf
configparams force-mem-access 0
----------------End of Script----------------

18:41:51 INFO  : Context for processor 'ps7_cortexa9_0' is selected.
18:41:51 INFO  : 'con' command is executed.
18:41:51 INFO  : ----------------XSDB Script (After Launch)----------------
targets -set -nocase -filter {name =~ "*A9*#0"}
con
----------------End of Script----------------

18:41:51 INFO  : Launch script is exported to file '/home/hector/Documents/demo/FGPU/vivado/xilinx_contest/FGPU_configurable_SIMT/vitis_proj/cnn_system/_ide/scripts/debugger_cnn-default.tcl'
18:42:41 INFO  : Disconnected from the channel tcfchan#11.
